<?xml version="1.0" encoding="UTF-8"?>
<robot generator="Robot 7.1.1 (Python 3.10.12 on linux)" generated="2025-02-07T09:09:30.740649" rpa="false" schemaversion="5">
<suite id="s1" name="Login" source="/home/rfahham/projetos/testes-login/testes/automatizados/login.robot">
<kw name="Open Browser To Login Page" type="SETUP">
<kw name="Open Browser" owner="SeleniumLibrary">
<msg time="2025-02-07T09:09:30.870087" level="INFO">Opening browser 'Chrome' to base url 'https://horadoqa.github.io/testes-login/login/'.</msg>
<arg>${URL}</arg>
<arg>Chrome</arg>
<doc>Opens a new browser instance to the optional ``url``.</doc>
<status status="PASS" start="2025-02-07T09:09:30.869873" elapsed="2.232478"/>
</kw>
<kw name="Sleep" owner="BuiltIn">
<msg time="2025-02-07T09:09:38.103463" level="INFO">Slept 5 seconds.</msg>
<arg>5s</arg>
<doc>Pauses the test executed for the given time.</doc>
<status status="PASS" start="2025-02-07T09:09:33.102643" elapsed="5.001369"/>
</kw>
<kw name="Set Selenium Implicit Wait" owner="SeleniumLibrary">
<arg>5s</arg>
<doc>Sets the implicit wait value used by Selenium.</doc>
<status status="PASS" start="2025-02-07T09:09:38.104825" elapsed="0.005307"/>
</kw>
<status status="PASS" start="2025-02-07T09:09:30.869147" elapsed="7.241498"/>
</kw>
<test id="s1-t1" name="Caso de Teste 1: Acesso à página de login" line="70">
<kw name="Open Browser To Login Page">
<kw name="Open Browser" owner="SeleniumLibrary">
<msg time="2025-02-07T09:09:38.114864" level="INFO">Opening browser 'Chrome' to base url 'https://horadoqa.github.io/testes-login/login/'.</msg>
<arg>${URL}</arg>
<arg>Chrome</arg>
<doc>Opens a new browser instance to the optional ``url``.</doc>
<status status="PASS" start="2025-02-07T09:09:38.114269" elapsed="0.949793"/>
</kw>
<kw name="Sleep" owner="BuiltIn">
<msg time="2025-02-07T09:09:46.422051" level="INFO">Slept 5 seconds.</msg>
<arg>5s</arg>
<doc>Pauses the test executed for the given time.</doc>
<status status="PASS" start="2025-02-07T09:09:39.064480" elapsed="7.357719"/>
</kw>
<kw name="Set Selenium Implicit Wait" owner="SeleniumLibrary">
<arg>5s</arg>
<doc>Sets the implicit wait value used by Selenium.</doc>
<status status="PASS" start="2025-02-07T09:09:46.422493" elapsed="0.002696"/>
</kw>
<status status="PASS" start="2025-02-07T09:09:38.113300" elapsed="8.312018"/>
</kw>
<kw name="Page Should Contain Element" owner="SeleniumLibrary">
<msg time="2025-02-07T09:09:46.442016" level="INFO">Current page contains element 'id=username'.</msg>
<arg>id=username</arg>
<doc>Verifies that element ``locator`` is found on the current page.</doc>
<status status="PASS" start="2025-02-07T09:09:46.425539" elapsed="0.016623"/>
</kw>
<kw name="Page Should Contain Element" owner="SeleniumLibrary">
<msg time="2025-02-07T09:09:46.454832" level="INFO">Current page contains element 'id=password'.</msg>
<arg>id=password</arg>
<doc>Verifies that element ``locator`` is found on the current page.</doc>
<status status="PASS" start="2025-02-07T09:09:46.442529" elapsed="0.012415"/>
</kw>
<kw name="Page Should Contain Element" owner="SeleniumLibrary">
<msg time="2025-02-07T09:09:46.466951" level="INFO">Current page contains element 'id=login-button'.</msg>
<arg>id=login-button</arg>
<doc>Verifies that element ``locator`` is found on the current page.</doc>
<status status="PASS" start="2025-02-07T09:09:46.455224" elapsed="0.011838"/>
</kw>
<kw name="Close Browser" owner="SeleniumLibrary" type="TEARDOWN">
<doc>Closes the current browser.</doc>
<status status="PASS" start="2025-02-07T09:09:46.467444" elapsed="0.061500"/>
</kw>
<doc>Verifica se a página de login carrega corretamente.</doc>
<tag>1</tag>
<status status="PASS" start="2025-02-07T09:09:38.111088" elapsed="8.418406"/>
</test>
<test id="s1-t2" name="Caso de Teste 2: Login com credenciais válidas" line="79">
<kw name="Open Browser To Login Page">
<kw name="Open Browser" owner="SeleniumLibrary">
<msg time="2025-02-07T09:09:46.532115" level="INFO">Opening browser 'Chrome' to base url 'https://horadoqa.github.io/testes-login/login/'.</msg>
<arg>${URL}</arg>
<arg>Chrome</arg>
<doc>Opens a new browser instance to the optional ``url``.</doc>
<status status="PASS" start="2025-02-07T09:09:46.531769" elapsed="0.909529"/>
</kw>
<kw name="Sleep" owner="BuiltIn">
<msg time="2025-02-07T09:09:52.442210" level="INFO">Slept 5 seconds.</msg>
<arg>5s</arg>
<doc>Pauses the test executed for the given time.</doc>
<status status="PASS" start="2025-02-07T09:09:47.441689" elapsed="5.000683"/>
</kw>
<kw name="Set Selenium Implicit Wait" owner="SeleniumLibrary">
<arg>5s</arg>
<doc>Sets the implicit wait value used by Selenium.</doc>
<status status="PASS" start="2025-02-07T09:09:52.442621" elapsed="0.003438"/>
</kw>
<status status="PASS" start="2025-02-07T09:09:46.531262" elapsed="5.915032"/>
</kw>
<kw name="Input Email And Password Valid">
<kw name="Input Text" owner="SeleniumLibrary">
<msg time="2025-02-07T09:09:52.448159" level="INFO">Typing text 'usuario@example.com' into text field '//*[@id="username"]'.</msg>
<arg>${USERNAME_ID}</arg>
<arg>${email}</arg>
<doc>Types the given ``text`` into the text field identified by ``locator``.</doc>
<status status="PASS" start="2025-02-07T09:09:52.447624" elapsed="0.147229"/>
</kw>
<kw name="Input Text" owner="SeleniumLibrary">
<msg time="2025-02-07T09:09:52.596137" level="INFO">Typing text '1q2w3e4r' into text field '//*[@id="password"]'.</msg>
<arg>${PASSWPRD_ID}</arg>
<arg>${password}</arg>
<doc>Types the given ``text`` into the text field identified by ``locator``.</doc>
<status status="PASS" start="2025-02-07T09:09:52.595343" elapsed="0.114457"/>
</kw>
<arg>${VALID_EMAIL}</arg>
<arg>${VALID_PASSWORD}</arg>
<status status="PASS" start="2025-02-07T09:09:52.446808" elapsed="0.263173"/>
</kw>
<kw name="Click Login Button">
<kw name="Click Element" owner="SeleniumLibrary">
<msg time="2025-02-07T09:09:52.711362" level="INFO">Clicking element 'id=login-button'.</msg>
<arg>id=login-button</arg>
<doc>Click the element identified by ``locator``.</doc>
<status status="PASS" start="2025-02-07T09:09:52.711021" elapsed="0.446584"/>
</kw>
<status status="PASS" start="2025-02-07T09:09:52.710350" elapsed="0.447393"/>
</kw>
<kw name="Verify Redirect">
<kw name="Page Should Contain Element" owner="SeleniumLibrary">
<msg time="2025-02-07T09:09:53.175874" level="INFO">Current page contains element '//*[@id="inicio"]'.</msg>
<arg>//*[@id="inicio"]</arg>
<doc>Verifies that element ``locator`` is found on the current page.</doc>
<status status="PASS" start="2025-02-07T09:09:53.158464" elapsed="0.017594"/>
</kw>
<status status="PASS" start="2025-02-07T09:09:53.158072" elapsed="0.018141"/>
</kw>
<kw name="Close Browser" owner="SeleniumLibrary" type="TEARDOWN">
<doc>Closes the current browser.</doc>
<status status="PASS" start="2025-02-07T09:09:53.176736" elapsed="0.071534"/>
</kw>
<doc>Testa o login com credenciais válidas.</doc>
<tag>2</tag>
<status status="PASS" start="2025-02-07T09:09:46.530577" elapsed="6.717996"/>
</test>
<test id="s1-t3" name="Caso de Teste 3: Login com credenciais inválidas" line="88">
<kw name="Open Browser To Login Page">
<kw name="Open Browser" owner="SeleniumLibrary">
<msg time="2025-02-07T09:09:53.268373" level="INFO">Opening browser 'Chrome' to base url 'https://horadoqa.github.io/testes-login/login/'.</msg>
<arg>${URL}</arg>
<arg>Chrome</arg>
<doc>Opens a new browser instance to the optional ``url``.</doc>
<status status="PASS" start="2025-02-07T09:09:53.250515" elapsed="1.059993"/>
</kw>
<kw name="Sleep" owner="BuiltIn">
<msg time="2025-02-07T09:09:59.311648" level="INFO">Slept 5 seconds.</msg>
<arg>5s</arg>
<doc>Pauses the test executed for the given time.</doc>
<status status="PASS" start="2025-02-07T09:09:54.310976" elapsed="5.001156"/>
</kw>
<kw name="Set Selenium Implicit Wait" owner="SeleniumLibrary">
<arg>5s</arg>
<doc>Sets the implicit wait value used by Selenium.</doc>
<status status="PASS" start="2025-02-07T09:09:59.313032" elapsed="0.009170"/>
</kw>
<status status="PASS" start="2025-02-07T09:09:53.250036" elapsed="6.072708"/>
</kw>
<kw name="Input Email And Password Invalid">
<kw name="Input Text" owner="SeleniumLibrary">
<msg time="2025-02-07T09:09:59.326660" level="INFO">Typing text 'invalido@dominio.com' into text field '//*[@id="username"]'.</msg>
<arg>${USERNAME_ID}</arg>
<arg>${email}</arg>
<doc>Types the given ``text`` into the text field identified by ``locator``.</doc>
<status status="PASS" start="2025-02-07T09:09:59.325669" elapsed="0.136095"/>
</kw>
<kw name="Input Text" owner="SeleniumLibrary">
<msg time="2025-02-07T09:09:59.462245" level="INFO">Typing text 'SenhaErrada123' into text field '//*[@id="password"]'.</msg>
<arg>${PASSWPRD_ID}</arg>
<arg>${password}</arg>
<doc>Types the given ``text`` into the text field identified by ``locator``.</doc>
<status status="PASS" start="2025-02-07T09:09:59.461968" elapsed="0.117941"/>
</kw>
<arg>${INVALID_EMAIL}</arg>
<arg>${INVALID_PASSWORD}</arg>
<status status="PASS" start="2025-02-07T09:09:59.323893" elapsed="0.256163"/>
</kw>
<kw name="Click Login Button">
<kw name="Click Element" owner="SeleniumLibrary">
<msg time="2025-02-07T09:09:59.580864" level="INFO">Clicking element 'id=login-button'.</msg>
<arg>id=login-button</arg>
<doc>Click the element identified by ``locator``.</doc>
<status status="PASS" start="2025-02-07T09:09:59.580674" elapsed="0.093145"/>
</kw>
<status status="PASS" start="2025-02-07T09:09:59.580340" elapsed="0.093624"/>
</kw>
<kw name="Verify Message Error">
<kw name="Wait Until Element Is Visible" owner="SeleniumLibrary">
<arg>${ERROR_MESSAGE}</arg>
<arg>10s</arg>
<doc>Waits until the element ``locator`` is visible.</doc>
<status status="PASS" start="2025-02-07T09:09:59.674535" elapsed="0.029203"/>
</kw>
<kw name="Get Text" owner="SeleniumLibrary">
<msg time="2025-02-07T09:09:59.732545" level="INFO">${ERROR_MESSAGE} = E-mail ou senha inválidos! Tentativas restantes: 4</msg>
<var>${ERROR_MESSAGE}</var>
<arg>${ERROR_MESSAGE}</arg>
<doc>Returns the text value of the element identified by ``locator``.</doc>
<status status="PASS" start="2025-02-07T09:09:59.704039" elapsed="0.028595"/>
</kw>
<kw name="Should Contain" owner="BuiltIn">
<arg>${ERROR_MESSAGE}</arg>
<arg>${EMAIL_PASSWORD_INVALID}</arg>
<doc>Fails if ``container`` does not contain ``item`` one or more times.</doc>
<status status="PASS" start="2025-02-07T09:09:59.732882" elapsed="0.000284"/>
</kw>
<status status="PASS" start="2025-02-07T09:09:59.674241" elapsed="0.059123"/>
</kw>
<kw name="Close Browser" owner="SeleniumLibrary" type="TEARDOWN">
<doc>Closes the current browser.</doc>
<status status="PASS" start="2025-02-07T09:09:59.733777" elapsed="0.062067"/>
</kw>
<doc>Testa o login com credenciais inválidas.</doc>
<tag>3</tag>
<status status="PASS" start="2025-02-07T09:09:53.249226" elapsed="6.546888"/>
</test>
<test id="s1-t4" name="Caso de Teste 4: Campo de &quot;E-mail&quot; vazio" line="97">
<kw name="Open Browser To Login Page">
<kw name="Open Browser" owner="SeleniumLibrary">
<msg time="2025-02-07T09:09:59.798055" level="INFO">Opening browser 'Chrome' to base url 'https://horadoqa.github.io/testes-login/login/'.</msg>
<arg>${URL}</arg>
<arg>Chrome</arg>
<doc>Opens a new browser instance to the optional ``url``.</doc>
<status status="PASS" start="2025-02-07T09:09:59.797747" elapsed="0.920011"/>
</kw>
<kw name="Sleep" owner="BuiltIn">
<msg time="2025-02-07T09:10:05.718823" level="INFO">Slept 5 seconds.</msg>
<arg>5s</arg>
<doc>Pauses the test executed for the given time.</doc>
<status status="PASS" start="2025-02-07T09:10:00.718122" elapsed="5.000994"/>
</kw>
<kw name="Set Selenium Implicit Wait" owner="SeleniumLibrary">
<arg>5s</arg>
<doc>Sets the implicit wait value used by Selenium.</doc>
<status status="PASS" start="2025-02-07T09:10:05.719587" elapsed="0.005110"/>
</kw>
<status status="PASS" start="2025-02-07T09:09:59.797307" elapsed="5.927694"/>
</kw>
<kw name="Input Text" owner="SeleniumLibrary">
<msg time="2025-02-07T09:10:05.725997" level="INFO">Typing text '1q2w3e4r' into text field 'id=password'.</msg>
<arg>id=password</arg>
<arg>${VALID_PASSWORD}</arg>
<doc>Types the given ``text`` into the text field identified by ``locator``.</doc>
<status status="PASS" start="2025-02-07T09:10:05.725452" elapsed="0.152179"/>
</kw>
<kw name="Click Login Button">
<kw name="Click Element" owner="SeleniumLibrary">
<msg time="2025-02-07T09:10:05.878598" level="INFO">Clicking element 'id=login-button'.</msg>
<arg>id=login-button</arg>
<doc>Click the element identified by ``locator``.</doc>
<status status="PASS" start="2025-02-07T09:10:05.878371" elapsed="0.084056"/>
</kw>
<status status="PASS" start="2025-02-07T09:10:05.877994" elapsed="0.084597"/>
</kw>
<kw name="Wait Until Error Message Is Visible">
<kw name="Wait Until Element Contains" owner="SeleniumLibrary">
<arg>//*[@id="error-message"]</arg>
<arg>${message}</arg>
<doc>Waits until the element ``locator`` contains ``text``.</doc>
<status status="PASS" start="2025-02-07T09:10:05.963196" elapsed="0.028490"/>
</kw>
<arg>${EMAIL_PASSWORD_MANDATORY}</arg>
<status status="PASS" start="2025-02-07T09:10:05.962835" elapsed="0.029034"/>
</kw>
<kw name="Close Browser" owner="SeleniumLibrary" type="TEARDOWN">
<doc>Closes the current browser.</doc>
<status status="PASS" start="2025-02-07T09:10:05.992224" elapsed="0.064149"/>
</kw>
<doc>Verifica se o sistema impede o envio com o campo de "usuário" vazio.</doc>
<tag>4</tag>
<status status="PASS" start="2025-02-07T09:09:59.796682" elapsed="6.259950"/>
</test>
<test id="s1-t5" name="Caso de Teste 5: Campo de &quot;senha&quot; vazio" line="106">
<kw name="Open Browser To Login Page">
<kw name="Open Browser" owner="SeleniumLibrary">
<msg time="2025-02-07T09:10:06.059319" level="INFO">Opening browser 'Chrome' to base url 'https://horadoqa.github.io/testes-login/login/'.</msg>
<arg>${URL}</arg>
<arg>Chrome</arg>
<doc>Opens a new browser instance to the optional ``url``.</doc>
<status status="PASS" start="2025-02-07T09:10:06.058313" elapsed="0.964252"/>
</kw>
<kw name="Sleep" owner="BuiltIn">
<msg time="2025-02-07T09:10:12.023681" level="INFO">Slept 5 seconds.</msg>
<arg>5s</arg>
<doc>Pauses the test executed for the given time.</doc>
<status status="PASS" start="2025-02-07T09:10:07.022804" elapsed="5.001945"/>
</kw>
<kw name="Set Selenium Implicit Wait" owner="SeleniumLibrary">
<arg>5s</arg>
<doc>Sets the implicit wait value used by Selenium.</doc>
<status status="PASS" start="2025-02-07T09:10:12.026063" elapsed="0.013398"/>
</kw>
<status status="PASS" start="2025-02-07T09:10:06.057739" elapsed="5.982346"/>
</kw>
<kw name="Input Text" owner="SeleniumLibrary">
<msg time="2025-02-07T09:10:12.042751" level="INFO">Typing text 'usuario@example.com' into text field 'id=username'.</msg>
<arg>id=username</arg>
<arg>${VALID_EMAIL}</arg>
<doc>Types the given ``text`` into the text field identified by ``locator``.</doc>
<status status="PASS" start="2025-02-07T09:10:12.041378" elapsed="0.143982"/>
</kw>
<kw name="Click Login Button">
<kw name="Click Element" owner="SeleniumLibrary">
<msg time="2025-02-07T09:10:12.186213" level="INFO">Clicking element 'id=login-button'.</msg>
<arg>id=login-button</arg>
<doc>Click the element identified by ``locator``.</doc>
<status status="PASS" start="2025-02-07T09:10:12.185977" elapsed="0.093547"/>
</kw>
<status status="PASS" start="2025-02-07T09:10:12.185686" elapsed="0.094017"/>
</kw>
<kw name="Wait Until Error Message Is Visible">
<kw name="Wait Until Element Contains" owner="SeleniumLibrary">
<arg>//*[@id="error-message"]</arg>
<arg>${message}</arg>
<doc>Waits until the element ``locator`` contains ``text``.</doc>
<status status="PASS" start="2025-02-07T09:10:12.280653" elapsed="0.031739"/>
</kw>
<arg>${EMAIL_PASSWORD_MANDATORY}</arg>
<status status="PASS" start="2025-02-07T09:10:12.280079" elapsed="0.032568"/>
</kw>
<kw name="Close Browser" owner="SeleniumLibrary" type="TEARDOWN">
<doc>Closes the current browser.</doc>
<status status="PASS" start="2025-02-07T09:10:12.313325" elapsed="0.064641"/>
</kw>
<doc>Verifica se o sistema impede o envio com o campo de "senha" vazio.</doc>
<tag>5</tag>
<status status="PASS" start="2025-02-07T09:10:06.057092" elapsed="6.321064"/>
</test>
<test id="s1-t6" name="Caso de Teste 6: Campos de login com espaços em branco" line="115">
<kw name="Open Browser To Login Page">
<kw name="Open Browser" owner="SeleniumLibrary">
<msg time="2025-02-07T09:10:12.379829" level="INFO">Opening browser 'Chrome' to base url 'https://horadoqa.github.io/testes-login/login/'.</msg>
<arg>${URL}</arg>
<arg>Chrome</arg>
<doc>Opens a new browser instance to the optional ``url``.</doc>
<status status="PASS" start="2025-02-07T09:10:12.379424" elapsed="1.051577"/>
</kw>
<kw name="Sleep" owner="BuiltIn">
<msg time="2025-02-07T09:10:18.431851" level="INFO">Slept 5 seconds.</msg>
<arg>5s</arg>
<doc>Pauses the test executed for the given time.</doc>
<status status="PASS" start="2025-02-07T09:10:13.431250" elapsed="5.001105"/>
</kw>
<kw name="Set Selenium Implicit Wait" owner="SeleniumLibrary">
<arg>5s</arg>
<doc>Sets the implicit wait value used by Selenium.</doc>
<status status="PASS" start="2025-02-07T09:10:18.433117" elapsed="0.010393"/>
</kw>
<status status="PASS" start="2025-02-07T09:10:12.379094" elapsed="6.064940"/>
</kw>
<kw name="Input Email And Password Invalid Space">
<kw name="Input Text" owner="SeleniumLibrary">
<msg time="2025-02-07T09:10:18.448167" level="INFO">Typing text 'usuario@example.com' into text field '//*[@id="username"]'.</msg>
<arg>${USERNAME_ID}</arg>
<arg>${email}</arg>
<doc>Types the given ``text`` into the text field identified by ``locator``.</doc>
<status status="PASS" start="2025-02-07T09:10:18.447130" elapsed="0.136216"/>
</kw>
<kw name="Input Text" owner="SeleniumLibrary">
<msg time="2025-02-07T09:10:18.583841" level="INFO">Typing text '1q2w3e4r' into text field '//*[@id="password"]'.</msg>
<arg>${PASSWPRD_ID}</arg>
<arg>${password}</arg>
<doc>Types the given ``text`` into the text field identified by ``locator``.</doc>
<status status="PASS" start="2025-02-07T09:10:18.583561" elapsed="3.040013"/>
</kw>
<arg>${VALID_EMAIL_SPACE}</arg>
<arg>${VALID_PASSWORD}</arg>
<status status="PASS" start="2025-02-07T09:10:18.445188" elapsed="3.178552"/>
</kw>
<kw name="Click Login Button">
<kw name="Click Element" owner="SeleniumLibrary">
<msg time="2025-02-07T09:10:21.625468" level="INFO">Clicking element 'id=login-button'.</msg>
<arg>id=login-button</arg>
<doc>Click the element identified by ``locator``.</doc>
<status status="PASS" start="2025-02-07T09:10:21.624900" elapsed="0.231329"/>
</kw>
<status status="PASS" start="2025-02-07T09:10:21.624079" elapsed="0.232287"/>
</kw>
<kw name="Verify Redirect">
<kw name="Page Should Contain Element" owner="SeleniumLibrary">
<msg time="2025-02-07T09:10:21.872687" level="INFO">Current page contains element '//*[@id="inicio"]'.</msg>
<arg>//*[@id="inicio"]</arg>
<doc>Verifies that element ``locator`` is found on the current page.</doc>
<status status="PASS" start="2025-02-07T09:10:21.856959" elapsed="0.015841"/>
</kw>
<status status="PASS" start="2025-02-07T09:10:21.856631" elapsed="0.016315"/>
</kw>
<kw name="Close Browser" owner="SeleniumLibrary" type="TEARDOWN">
<doc>Closes the current browser.</doc>
<status status="PASS" start="2025-02-07T09:10:21.873276" elapsed="0.060494"/>
</kw>
<doc>Verifica se o sistema lida corretamente com espaços em branco nos campos.</doc>
<tag>6</tag>
<status status="PASS" start="2025-02-07T09:10:12.378562" elapsed="9.555392"/>
</test>
<test id="s1-t7" name="Caso de Teste 7: Exibição de senha" line="124">
<kw name="Open Browser To Login Page">
<kw name="Open Browser" owner="SeleniumLibrary">
<msg time="2025-02-07T09:10:21.935427" level="INFO">Opening browser 'Chrome' to base url 'https://horadoqa.github.io/testes-login/login/'.</msg>
<arg>${URL}</arg>
<arg>Chrome</arg>
<doc>Opens a new browser instance to the optional ``url``.</doc>
<status status="PASS" start="2025-02-07T09:10:21.935183" elapsed="0.876770"/>
</kw>
<kw name="Sleep" owner="BuiltIn">
<msg time="2025-02-07T09:10:27.812852" level="INFO">Slept 5 seconds.</msg>
<arg>5s</arg>
<doc>Pauses the test executed for the given time.</doc>
<status status="PASS" start="2025-02-07T09:10:22.812238" elapsed="5.001057"/>
</kw>
<kw name="Set Selenium Implicit Wait" owner="SeleniumLibrary">
<arg>5s</arg>
<doc>Sets the implicit wait value used by Selenium.</doc>
<status status="PASS" start="2025-02-07T09:10:27.814190" elapsed="0.009059"/>
</kw>
<status status="PASS" start="2025-02-07T09:10:21.934818" elapsed="5.889102"/>
</kw>
<kw name="Input Text" owner="SeleniumLibrary">
<msg time="2025-02-07T09:10:27.826106" level="INFO">Typing text 'usuario@example.com' into text field 'id=username'.</msg>
<arg>id=username</arg>
<arg>${VALID_EMAIL}</arg>
<doc>Types the given ``text`` into the text field identified by ``locator``.</doc>
<status status="PASS" start="2025-02-07T09:10:27.824842" elapsed="0.137561"/>
</kw>
<kw name="Input Text" owner="SeleniumLibrary">
<msg time="2025-02-07T09:10:27.963207" level="INFO">Typing text '1q2w3e4r' into text field 'id=password'.</msg>
<arg>id=password</arg>
<arg>${VALID_PASSWORD}</arg>
<doc>Types the given ``text`` into the text field identified by ``locator``.</doc>
<status status="PASS" start="2025-02-07T09:10:27.962768" elapsed="0.105807"/>
</kw>
<kw name="Wait Until Element Is Visible" owner="SeleniumLibrary">
<arg>id=toggle-password</arg>
<arg>timeout=10s</arg>
<doc>Waits until the element ``locator`` is visible.</doc>
<status status="PASS" start="2025-02-07T09:10:28.068964" elapsed="0.028741"/>
</kw>
<kw name="Click Element" owner="SeleniumLibrary">
<msg time="2025-02-07T09:10:28.098631" level="INFO">Clicking element 'id=toggle-password'.</msg>
<arg>id=toggle-password</arg>
<doc>Click the element identified by ``locator``.</doc>
<status status="PASS" start="2025-02-07T09:10:28.098230" elapsed="0.086349"/>
</kw>
<kw name="Wait Until Element Is Visible" owner="SeleniumLibrary">
<arg>id=toggle-password</arg>
<arg>timeout=10s</arg>
<doc>Waits until the element ``locator`` is visible.</doc>
<status status="PASS" start="2025-02-07T09:10:28.184899" elapsed="0.021411"/>
</kw>
<kw name="Click Element" owner="SeleniumLibrary">
<msg time="2025-02-07T09:10:28.207117" level="INFO">Clicking element 'id=toggle-password'.</msg>
<arg>id=toggle-password</arg>
<doc>Click the element identified by ``locator``.</doc>
<status status="PASS" start="2025-02-07T09:10:28.206750" elapsed="0.085061"/>
</kw>
<kw name="Wait Until Element Is Visible" owner="SeleniumLibrary">
<arg>id=toggle-password</arg>
<arg>timeout=10s</arg>
<doc>Waits until the element ``locator`` is visible.</doc>
<status status="PASS" start="2025-02-07T09:10:28.292209" elapsed="0.020754"/>
</kw>
<kw name="Click Login Button">
<kw name="Click Element" owner="SeleniumLibrary">
<msg time="2025-02-07T09:10:28.313925" level="INFO">Clicking element 'id=login-button'.</msg>
<arg>id=login-button</arg>
<doc>Click the element identified by ``locator``.</doc>
<status status="PASS" start="2025-02-07T09:10:28.313698" elapsed="0.149154"/>
</kw>
<status status="PASS" start="2025-02-07T09:10:28.313366" elapsed="0.149763"/>
</kw>
<kw name="Verify Redirect">
<kw name="Page Should Contain Element" owner="SeleniumLibrary">
<msg time="2025-02-07T09:10:28.480871" level="INFO">Current page contains element '//*[@id="inicio"]'.</msg>
<arg>//*[@id="inicio"]</arg>
<doc>Verifies that element ``locator`` is found on the current page.</doc>
<status status="PASS" start="2025-02-07T09:10:28.464162" elapsed="0.016856"/>
</kw>
<status status="PASS" start="2025-02-07T09:10:28.463659" elapsed="0.017537"/>
</kw>
<kw name="Close Browser" owner="SeleniumLibrary" type="TEARDOWN">
<doc>Closes the current browser.</doc>
<status status="PASS" start="2025-02-07T09:10:28.481598" elapsed="0.061324"/>
</kw>
<doc>Verifica a funcionalidade de "exibir senha".</doc>
<tag>7</tag>
<status status="PASS" start="2025-02-07T09:10:21.934317" elapsed="6.608818"/>
</test>
<test id="s1-t8" name="Caso de Teste 8: Redirecionamento após login" line="139">
<kw name="Open Browser To Login Page">
<kw name="Open Browser" owner="SeleniumLibrary">
<msg time="2025-02-07T09:10:28.544976" level="INFO">Opening browser 'Chrome' to base url 'https://horadoqa.github.io/testes-login/login/'.</msg>
<arg>${URL}</arg>
<arg>Chrome</arg>
<doc>Opens a new browser instance to the optional ``url``.</doc>
<status status="PASS" start="2025-02-07T09:10:28.544603" elapsed="0.961418"/>
</kw>
<kw name="Sleep" owner="BuiltIn">
<msg time="2025-02-07T09:10:34.507192" level="INFO">Slept 5 seconds.</msg>
<arg>5s</arg>
<doc>Pauses the test executed for the given time.</doc>
<status status="PASS" start="2025-02-07T09:10:29.506232" elapsed="5.001439"/>
</kw>
<kw name="Set Selenium Implicit Wait" owner="SeleniumLibrary">
<arg>5s</arg>
<doc>Sets the implicit wait value used by Selenium.</doc>
<status status="PASS" start="2025-02-07T09:10:34.508486" elapsed="0.009105"/>
</kw>
<status status="PASS" start="2025-02-07T09:10:28.544312" elapsed="5.973765"/>
</kw>
<kw name="Input Email And Password Valid">
<kw name="Input Text" owner="SeleniumLibrary">
<msg time="2025-02-07T09:10:34.521695" level="INFO">Typing text 'usuario@example.com' into text field '//*[@id="username"]'.</msg>
<arg>${USERNAME_ID}</arg>
<arg>${email}</arg>
<doc>Types the given ``text`` into the text field identified by ``locator``.</doc>
<status status="PASS" start="2025-02-07T09:10:34.520709" elapsed="0.131876"/>
</kw>
<kw name="Input Text" owner="SeleniumLibrary">
<msg time="2025-02-07T09:10:34.653285" level="INFO">Typing text '1q2w3e4r' into text field '//*[@id="password"]'.</msg>
<arg>${PASSWPRD_ID}</arg>
<arg>${password}</arg>
<doc>Types the given ``text`` into the text field identified by ``locator``.</doc>
<status status="PASS" start="2025-02-07T09:10:34.652886" elapsed="0.108164"/>
</kw>
<arg>${VALID_EMAIL}</arg>
<arg>${VALID_PASSWORD}</arg>
<status status="PASS" start="2025-02-07T09:10:34.519120" elapsed="0.242124"/>
</kw>
<kw name="Click Login Button">
<kw name="Click Element" owner="SeleniumLibrary">
<msg time="2025-02-07T09:10:34.762103" level="INFO">Clicking element 'id=login-button'.</msg>
<arg>id=login-button</arg>
<doc>Click the element identified by ``locator``.</doc>
<status status="PASS" start="2025-02-07T09:10:34.761880" elapsed="0.161099"/>
</kw>
<status status="PASS" start="2025-02-07T09:10:34.761574" elapsed="0.161842"/>
</kw>
<kw name="Sleep" owner="BuiltIn">
<msg time="2025-02-07T09:10:35.924778" level="INFO">Slept 1 second.</msg>
<arg>1</arg>
<doc>Pauses the test executed for the given time.</doc>
<status status="PASS" start="2025-02-07T09:10:34.923938" elapsed="1.001307"/>
</kw>
<kw name="Verify Redirect">
<kw name="Page Should Contain Element" owner="SeleniumLibrary">
<msg time="2025-02-07T09:10:35.956279" level="INFO">Current page contains element '//*[@id="inicio"]'.</msg>
<arg>//*[@id="inicio"]</arg>
<doc>Verifies that element ``locator`` is found on the current page.</doc>
<status status="PASS" start="2025-02-07T09:10:35.927825" elapsed="0.028602"/>
</kw>
<status status="PASS" start="2025-02-07T09:10:35.926606" elapsed="0.029985"/>
</kw>
<kw name="Close Browser" owner="SeleniumLibrary" type="TEARDOWN">
<doc>Closes the current browser.</doc>
<status status="PASS" start="2025-02-07T09:10:35.957012" elapsed="0.061574"/>
</kw>
<doc>Verifica se o sistema redireciona corretamente após o login.</doc>
<tag>8</tag>
<status status="PASS" start="2025-02-07T09:10:28.543707" elapsed="7.475094"/>
</test>
<test id="s1-t9" name="Caso de Teste 9: Comportamento do botão &quot;entrar&quot;" line="149">
<kw name="Open Browser To Login Page">
<kw name="Open Browser" owner="SeleniumLibrary">
<msg time="2025-02-07T09:10:36.020753" level="INFO">Opening browser 'Chrome' to base url 'https://horadoqa.github.io/testes-login/login/'.</msg>
<arg>${URL}</arg>
<arg>Chrome</arg>
<doc>Opens a new browser instance to the optional ``url``.</doc>
<status status="PASS" start="2025-02-07T09:10:36.020431" elapsed="0.904724"/>
</kw>
<kw name="Sleep" owner="BuiltIn">
<msg time="2025-02-07T09:10:41.925741" level="INFO">Slept 5 seconds.</msg>
<arg>5s</arg>
<doc>Pauses the test executed for the given time.</doc>
<status status="PASS" start="2025-02-07T09:10:36.925393" elapsed="5.000557"/>
</kw>
<kw name="Set Selenium Implicit Wait" owner="SeleniumLibrary">
<arg>5s</arg>
<doc>Sets the implicit wait value used by Selenium.</doc>
<status status="PASS" start="2025-02-07T09:10:41.926157" elapsed="0.002067"/>
</kw>
<status status="PASS" start="2025-02-07T09:10:36.019996" elapsed="5.908354"/>
</kw>
<kw name="Verify Login Button Disabled">
<kw name="Get Element Attribute" owner="SeleniumLibrary">
<msg time="2025-02-07T09:10:41.953846" level="INFO">${attribute} = true</msg>
<var>${attribute}</var>
<arg>id=login-button</arg>
<arg>disabled</arg>
<doc>Returns the value of ``attribute`` from the element ``locator``.</doc>
<status status="PASS" start="2025-02-07T09:10:41.928921" elapsed="0.024978"/>
</kw>
<kw name="Should Not Be Empty" owner="BuiltIn">
<msg time="2025-02-07T09:10:41.954269" level="INFO">Length is 4.</msg>
<arg>${attribute}</arg>
<doc>Verifies that the given item is not empty.</doc>
<status status="PASS" start="2025-02-07T09:10:41.954083" elapsed="0.000240"/>
</kw>
<status status="PASS" start="2025-02-07T09:10:41.928608" elapsed="0.025799"/>
</kw>
<kw name="Close Browser" owner="SeleniumLibrary" type="TEARDOWN">
<doc>Closes the current browser.</doc>
<status status="PASS" start="2025-02-07T09:10:41.954723" elapsed="0.060826"/>
</kw>
<doc>Verifica se o botão "entrar" fica desabilitado com campos vazios.</doc>
<tag>9</tag>
<status status="PASS" start="2025-02-07T09:10:36.019273" elapsed="5.996537"/>
</test>
<test id="s1-t10" name="Caso de Teste 10: Mensagens de erro" line="156">
<kw name="Open Browser To Login Page">
<kw name="Open Browser" owner="SeleniumLibrary">
<msg time="2025-02-07T09:10:42.017363" level="INFO">Opening browser 'Chrome' to base url 'https://horadoqa.github.io/testes-login/login/'.</msg>
<arg>${URL}</arg>
<arg>Chrome</arg>
<doc>Opens a new browser instance to the optional ``url``.</doc>
<status status="PASS" start="2025-02-07T09:10:42.017160" elapsed="0.884021"/>
</kw>
<kw name="Sleep" owner="BuiltIn">
<msg time="2025-02-07T09:10:47.902589" level="INFO">Slept 5 seconds.</msg>
<arg>5s</arg>
<doc>Pauses the test executed for the given time.</doc>
<status status="PASS" start="2025-02-07T09:10:42.901467" elapsed="5.002165"/>
</kw>
<kw name="Set Selenium Implicit Wait" owner="SeleniumLibrary">
<arg>5s</arg>
<doc>Sets the implicit wait value used by Selenium.</doc>
<status status="PASS" start="2025-02-07T09:10:47.905599" elapsed="0.008858"/>
</kw>
<status status="PASS" start="2025-02-07T09:10:42.016880" elapsed="5.898046"/>
</kw>
<kw name="Input Email And Password Invalid">
<kw name="Input Text" owner="SeleniumLibrary">
<msg time="2025-02-07T09:10:47.917785" level="INFO">Typing text 'invalido@dominio.com' into text field '//*[@id="username"]'.</msg>
<arg>${USERNAME_ID}</arg>
<arg>${email}</arg>
<doc>Types the given ``text`` into the text field identified by ``locator``.</doc>
<status status="PASS" start="2025-02-07T09:10:47.917044" elapsed="0.131270"/>
</kw>
<kw name="Input Text" owner="SeleniumLibrary">
<msg time="2025-02-07T09:10:48.048814" level="INFO">Typing text 'SenhaErrada123' into text field '//*[@id="password"]'.</msg>
<arg>${PASSWPRD_ID}</arg>
<arg>${password}</arg>
<doc>Types the given ``text`` into the text field identified by ``locator``.</doc>
<status status="PASS" start="2025-02-07T09:10:48.048527" elapsed="0.114111"/>
</kw>
<arg>${INVALID_EMAIL}</arg>
<arg>${INVALID_PASSWORD}</arg>
<status status="PASS" start="2025-02-07T09:10:47.915853" elapsed="0.246941"/>
</kw>
<kw name="Click Login Button">
<kw name="Click Element" owner="SeleniumLibrary">
<msg time="2025-02-07T09:10:48.163669" level="INFO">Clicking element 'id=login-button'.</msg>
<arg>id=login-button</arg>
<doc>Click the element identified by ``locator``.</doc>
<status status="PASS" start="2025-02-07T09:10:48.163460" elapsed="0.086873"/>
</kw>
<status status="PASS" start="2025-02-07T09:10:48.163138" elapsed="0.087373"/>
</kw>
<kw name="Wait Until Error Message Is Visible">
<kw name="Wait Until Element Contains" owner="SeleniumLibrary">
<arg>//*[@id="error-message"]</arg>
<arg>${message}</arg>
<doc>Waits until the element ``locator`` contains ``text``.</doc>
<status status="PASS" start="2025-02-07T09:10:48.251455" elapsed="0.030877"/>
</kw>
<arg>${EMAIL_PASSWORD_INVALID}</arg>
<status status="PASS" start="2025-02-07T09:10:48.250828" elapsed="0.031714"/>
</kw>
<kw name="Close Browser" owner="SeleniumLibrary" type="TEARDOWN">
<doc>Closes the current browser.</doc>
<status status="PASS" start="2025-02-07T09:10:48.282996" elapsed="0.062247"/>
</kw>
<doc>Verifica se as mensagens de erro são claras.</doc>
<tag>10</tag>
<status status="PASS" start="2025-02-07T09:10:42.016409" elapsed="6.329055"/>
</test>
<kw name="Close Browser" owner="SeleniumLibrary" type="TEARDOWN">
<doc>Closes the current browser.</doc>
<status status="PASS" start="2025-02-07T09:10:48.346610" elapsed="0.000277"/>
</kw>
<status status="PASS" start="2025-02-07T09:09:30.741781" elapsed="77.605195"/>
</suite>
<statistics>
<total>
<stat pass="10" fail="0" skip="0">All Tests</stat>
</total>
<tag>
<stat pass="1" fail="0" skip="0">1</stat>
<stat pass="1" fail="0" skip="0">10</stat>
<stat pass="1" fail="0" skip="0">2</stat>
<stat pass="1" fail="0" skip="0">3</stat>
<stat pass="1" fail="0" skip="0">4</stat>
<stat pass="1" fail="0" skip="0">5</stat>
<stat pass="1" fail="0" skip="0">6</stat>
<stat pass="1" fail="0" skip="0">7</stat>
<stat pass="1" fail="0" skip="0">8</stat>
<stat pass="1" fail="0" skip="0">9</stat>
</tag>
<suite>
<stat pass="10" fail="0" skip="0" id="s1" name="Login">Login</stat>
</suite>
</statistics>
<errors>
</errors>
</robot>
